# JRE version: OpenJDK Runtime Environment Microsoft-8902769 (17.0.10+7) (build 17.0.10+7-LTS)
# Java VM: OpenJDK 64-Bit Server VM Microsoft-8902769 (17.0.10+7-LTS, mixed mode, sharing, tiered, compressed oops, compressed class ptrs, g1 gc, windows-amd64)
GC Precious Log:
 CPUs: 8 total, 8 available
 Memory: 6091M
 Large Page Support: Disabled
 NUMA Support: Disabled
 Compressed Oops: Enabled (32-bit)
 Heap Region Size: 1M
 Heap Min Capacity: 8M
 Heap Initial Capacity: 96M
 Heap Max Capacity: 2G
 Pre-touch: Disabled
 Parallel Workers: 8
 Concurrent Workers: 2
 Concurrent Refinement Workers: 8
 Periodic GC: Disabled
Heap:
 garbage-first heap   total 142336K, used 85806K [0x0000000080000000, 0x0000000100000000)
  region size 1024K, 3 young (3072K), 3 survivors (3072K)
 Metaspace       used 74454K, committed 75264K, reserved 491520K
  class space    used 10440K, committed 10816K, reserved 425984K
GC Heap History (20 events):
Event: 38.779 GC heap after
{Heap after GC invocations=23 (full 0):
 garbage-first heap   total 106496K, used 63616K [0x0000000080000000, 0x0000000100000000)
  region size 1024K, 3 young (3072K), 3 survivors (3072K)
 Metaspace       used 60898K, committed 61632K, reserved 491520K
  class space    used 8619K, committed 8960K, reserved 425984K
}
Event: 39.676 GC heap before
{Heap before GC invocations=24 (full 0):
 garbage-first heap   total 114688K, used 86144K [0x0000000080000000, 0x0000000100000000)
  region size 1024K, 26 young (26624K), 3 survivors (3072K)
 Metaspace       used 62604K, committed 63296K, reserved 491520K
  class space    used 8898K, committed 9216K, reserved 425984K
}
Event: 39.681 GC heap after
{Heap after GC invocations=25 (full 0):
 garbage-first heap   total 114688K, used 64663K [0x0000000080000000, 0x0000000100000000)
  region size 1024K, 3 young (3072K), 3 survivors (3072K)
 Metaspace       used 62604K, committed 63296K, reserved 491520K
  class space    used 8898K, committed 9216K, reserved 425984K
}
Event: 39.824 GC heap before
{Heap before GC invocations=25 (full 0):
 garbage-first heap   total 114688K, used 66711K [0x0000000080000000, 0x0000000100000000)
  region size 1024K, 5 young (5120K), 3 survivors (3072K)
 Metaspace       used 62719K, committed 63424K, reserved 491520K
  class space    used 8916K, committed 9216K, reserved 425984K
}
Event: 39.835 GC heap after
{Heap after GC invocations=26 (full 0):
 garbage-first heap   total 114688K, used 64590K [0x0000000080000000, 0x0000000100000000)
  region size 1024K, 1 young (1024K), 1 survivors (1024K)
 Metaspace       used 62719K, committed 63424K, reserved 491520K
  class space    used 8916K, committed 9216K, reserved 425984K
}
Event: 41.712 GC heap before
{Heap before GC invocations=26 (full 0):
 garbage-first heap   total 114688K, used 95310K [0x0000000080000000, 0x0000000100000000)
  region size 1024K, 31 young (31744K), 1 survivors (1024K)
 Metaspace       used 64878K, committed 65600K, reserved 491520K
  class space    used 9260K, committed 9600K, reserved 425984K
}
Event: 41.726 GC heap after
{Heap after GC invocations=27 (full 0):
 garbage-first heap   total 114688K, used 68034K [0x0000000080000000, 0x0000000100000000)
  region size 1024K, 4 young (4096K), 4 survivors (4096K)
 Metaspace       used 64878K, committed 65600K, reserved 491520K
  class space    used 9260K, committed 9600K, reserved 425984K
}
Event: 43.251 GC heap before
{Heap before GC invocations=28 (full 0):
 garbage-first heap   total 119808K, used 93634K [0x0000000080000000, 0x0000000100000000)
  region size 1024K, 30 young (30720K), 4 survivors (4096K)
 Metaspace       used 66553K, committed 67328K, reserved 491520K
  class space    used 9496K, committed 9856K, reserved 425984K
}
Event: 43.261 GC heap after
{Heap after GC invocations=29 (full 0):
 garbage-first heap   total 119808K, used 69358K [0x0000000080000000, 0x0000000100000000)
  region size 1024K, 2 young (2048K), 2 survivors (2048K)
 Metaspace       used 66553K, committed 67328K, reserved 491520K
  class space    used 9496K, committed 9856K, reserved 425984K
}
Event: 43.634 GC heap before
{Heap before GC invocations=29 (full 0):
 garbage-first heap   total 119808K, used 79598K [0x0000000080000000, 0x0000000100000000)
  region size 1024K, 13 young (13312K), 2 survivors (2048K)
 Metaspace       used 66843K, committed 67648K, reserved 491520K
  class space    used 9527K, committed 9920K, reserved 425984K
}
Event: 43.638 GC heap after
{Heap after GC invocations=30 (full 0):
 garbage-first heap   total 119808K, used 69517K [0x0000000080000000, 0x0000000100000000)
  region size 1024K, 2 young (2048K), 2 survivors (2048K)
 Metaspace       used 66843K, committed 67648K, reserved 491520K
  class space    used 9527K, committed 9920K, reserved 425984K
}
Event: 44.358 GC heap before
{Heap before GC invocations=31 (full 0):
 garbage-first heap   total 126976K, used 103309K [0x0000000080000000, 0x0000000100000000)
  region size 1024K, 31 young (31744K), 2 survivors (2048K)
 Metaspace       used 68369K, committed 69248K, reserved 491520K
  class space    used 9718K, committed 10112K, reserved 425984K
}
Event: 44.363 GC heap after
{Heap after GC invocations=32 (full 0):
 garbage-first heap   total 126976K, used 80310K [0x0000000080000000, 0x0000000100000000)
  region size 1024K, 4 young (4096K), 4 survivors (4096K)
 Metaspace       used 68369K, committed 69248K, reserved 491520K
  class space    used 9718K, committed 10112K, reserved 425984K
}
Event: 44.404 GC heap before
{Heap before GC invocations=32 (full 0):
 garbage-first heap   total 126976K, used 82358K [0x0000000080000000, 0x0000000100000000)
  region size 1024K, 6 young (6144K), 4 survivors (4096K)
 Metaspace       used 68526K, committed 69376K, reserved 491520K
  class space    used 9742K, committed 10112K, reserved 425984K
}
Event: 44.408 GC heap after
{Heap after GC invocations=33 (full 0):
 garbage-first heap   total 126976K, used 79924K [0x0000000080000000, 0x0000000100000000)
  region size 1024K, 1 young (1024K), 1 survivors (1024K)
 Metaspace       used 68526K, committed 69376K, reserved 491520K
  class space    used 9742K, committed 10112K, reserved 425984K
}
Event: 44.913 GC heap before
{Heap before GC invocations=33 (full 0):
 garbage-first heap   total 126976K, used 103476K [0x0000000080000000, 0x0000000100000000)
  region size 1024K, 25 young (25600K), 1 survivors (1024K)
 Metaspace       used 70741K, committed 71552K, reserved 491520K
  class space    used 9971K, committed 10368K, reserved 425984K
}
Event: 44.916 GC heap after
{Heap after GC invocations=34 (full 0):
 garbage-first heap   total 126976K, used 80333K [0x0000000080000000, 0x0000000100000000)
  region size 1024K, 1 young (1024K), 1 survivors (1024K)
 Metaspace       used 70741K, committed 71552K, reserved 491520K
  class space    used 9971K, committed 10368K, reserved 425984K
}
Event: 45.505 GC heap before
{Heap before GC invocations=35 (full 0):
 garbage-first heap   total 142336K, used 109005K [0x0000000080000000, 0x0000000100000000)
  region size 1024K, 26 young (26624K), 1 survivors (1024K)
 Metaspace       used 72754K, committed 73600K, reserved 491520K
  class space    used 10208K, committed 10624K, reserved 425984K
}
Event: 45.511 GC heap after
{Heap after GC invocations=36 (full 0):
 garbage-first heap   total 142336K, used 87354K [0x0000000080000000, 0x0000000100000000)
  region size 1024K, 4 young (4096K), 4 survivors (4096K)
 Metaspace       used 72754K, committed 73600K, reserved 491520K
  class space    used 10208K, committed 10624K, reserved 425984K
}
Event: 46.006 GC heap before
{Heap before GC invocations=36 (full 0):
 garbage-first heap   total 142336K, used 118074K [0x0000000080000000, 0x0000000100000000)
  region size 1024K, 32 young (32768K), 4 survivors (4096K)
 Metaspace       used 74454K, committed 75264K, reserved 491520K
  class space    used 10440K, committed 10816K, reserved 425984K
}

