# JRE version: OpenJDK Runtime Environment Temurin-17.0.10+7 (17.0.10+7) (build 17.0.10+7)
# Java VM: OpenJDK 64-Bit Server VM Temurin-17.0.10+7 (17.0.10+7, mixed mode, tiered, compressed oops, compressed class ptrs, parallel gc, windows-amd64)
GC Precious Log:
 CPUs: 8 total, 8 available
 Memory: 6091M
 Large Page Support: Disabled
 NUMA Support: Disabled
 Compressed Oops: Enabled (32-bit)
 Alignments: Space 512K, Generation 512K, Heap 2M
 Heap Min Capacity: 100M
 Heap Initial Capacity: 100M
 Heap Max Capacity: 1G
 Pre-touch: Disabled
 Parallel Workers: 8
Heap:
 PSYoungGen      total 16384K, used 7481K [0x00000000eab00000, 0x00000000ec500000, 0x0000000100000000)
  eden space 11264K, 21% used [0x00000000eab00000,0x00000000ead51ae8,0x00000000eb600000)
  from space 5120K, 99% used [0x00000000eb600000,0x00000000ebafcc60,0x00000000ebb00000)
  to   space 7680K, 0% used [0x00000000ebd80000,0x00000000ebd80000,0x00000000ec500000)
 ParOldGen       total 95744K, used 81088K [0x00000000c0000000, 0x00000000c5d80000, 0x00000000eab00000)
  object space 95744K, 84% used [0x00000000c0000000,0x00000000c4f301b0,0x00000000c5d80000)
 Metaspace       used 63727K, committed 64768K, reserved 1114112K
  class space    used 7243K, committed 7680K, reserved 1048576K
GC Heap History (20 events):
Event: 54.752 GC heap before
{Heap before GC invocations=47 (full 4):
 PSYoungGen      total 19968K, used 2923K [0x00000000eab00000, 0x00000000ec180000, 0x0000000100000000)
  eden space 16896K, 0% used [0x00000000eab00000,0x00000000eab00000,0x00000000ebb80000)
  from space 3072K, 95% used [0x00000000ebc00000,0x00000000ebedaf48,0x00000000ebf00000)
  to   space 2560K, 0% used [0x00000000ebf00000,0x00000000ebf00000,0x00000000ec180000)
 ParOldGen       total 68608K, used 66027K [0x00000000c0000000, 0x00000000c4300000, 0x00000000eab00000)
  object space 68608K, 96% used [0x00000000c0000000,0x00000000c407ac88,0x00000000c4300000)
 Metaspace       used 62644K, committed 63680K, reserved 1114112K
  class space    used 7144K, committed 7552K, reserved 1048576K
}
Event: 54.849 GC heap after
{Heap after GC invocations=47 (full 4):
 PSYoungGen      total 19456K, used 0K [0x00000000eab00000, 0x00000000ec180000, 0x0000000100000000)
  eden space 16896K, 0% used [0x00000000eab00000,0x00000000eab00000,0x00000000ebb80000)
  from space 2560K, 0% used [0x00000000ebf00000,0x00000000ebf00000,0x00000000ec180000)
  to   space 3072K, 0% used [0x00000000ebb80000,0x00000000ebb80000,0x00000000ebe80000)
 ParOldGen       total 95744K, used 67206K [0x00000000c0000000, 0x00000000c5d80000, 0x00000000eab00000)
  object space 95744K, 70% used [0x00000000c0000000,0x00000000c41a1b30,0x00000000c5d80000)
 Metaspace       used 62644K, committed 63680K, reserved 1114112K
  class space    used 7144K, committed 7552K, reserved 1048576K
}
Event: 55.477 GC heap before
{Heap before GC invocations=48 (full 4):
 PSYoungGen      total 19456K, used 16896K [0x00000000eab00000, 0x00000000ec180000, 0x0000000100000000)
  eden space 16896K, 100% used [0x00000000eab00000,0x00000000ebb80000,0x00000000ebb80000)
  from space 2560K, 0% used [0x00000000ebf00000,0x00000000ebf00000,0x00000000ec180000)
  to   space 3072K, 0% used [0x00000000ebb80000,0x00000000ebb80000,0x00000000ebe80000)
 ParOldGen       total 95744K, used 67206K [0x00000000c0000000, 0x00000000c5d80000, 0x00000000eab00000)
  object space 95744K, 70% used [0x00000000c0000000,0x00000000c41a1b30,0x00000000c5d80000)
 Metaspace       used 62645K, committed 63680K, reserved 1114112K
  class space    used 7144K, committed 7552K, reserved 1048576K
}
Event: 55.480 GC heap after
{Heap after GC invocations=48 (full 4):
 PSYoungGen      total 19968K, used 2387K [0x00000000eab00000, 0x00000000ec180000, 0x0000000100000000)
  eden space 16896K, 0% used [0x00000000eab00000,0x00000000eab00000,0x00000000ebb80000)
  from space 3072K, 77% used [0x00000000ebb80000,0x00000000ebdd4f58,0x00000000ebe80000)
  to   space 3072K, 0% used [0x00000000ebe80000,0x00000000ebe80000,0x00000000ec180000)
 ParOldGen       total 95744K, used 67206K [0x00000000c0000000, 0x00000000c5d80000, 0x00000000eab00000)
  object space 95744K, 70% used [0x00000000c0000000,0x00000000c41a1b30,0x00000000c5d80000)
 Metaspace       used 62645K, committed 63680K, reserved 1114112K
  class space    used 7144K, committed 7552K, reserved 1048576K
}
Event: 55.899 GC heap before
{Heap before GC invocations=49 (full 4):
 PSYoungGen      total 19968K, used 19283K [0x00000000eab00000, 0x00000000ec180000, 0x0000000100000000)
  eden space 16896K, 100% used [0x00000000eab00000,0x00000000ebb80000,0x00000000ebb80000)
  from space 3072K, 77% used [0x00000000ebb80000,0x00000000ebdd4f58,0x00000000ebe80000)
  to   space 3072K, 0% used [0x00000000ebe80000,0x00000000ebe80000,0x00000000ec180000)
 ParOldGen       total 95744K, used 67206K [0x00000000c0000000, 0x00000000c5d80000, 0x00000000eab00000)
  object space 95744K, 70% used [0x00000000c0000000,0x00000000c41a1b30,0x00000000c5d80000)
 Metaspace       used 62655K, committed 63680K, reserved 1114112K
  class space    used 7144K, committed 7552K, reserved 1048576K
}
Event: 55.903 GC heap after
{Heap after GC invocations=49 (full 4):
 PSYoungGen      total 17920K, used 3057K [0x00000000eab00000, 0x00000000ec580000, 0x0000000100000000)
  eden space 14848K, 0% used [0x00000000eab00000,0x00000000eab00000,0x00000000eb980000)
  from space 3072K, 99% used [0x00000000ebe80000,0x00000000ec17c738,0x00000000ec180000)
  to   space 5120K, 0% used [0x00000000eb980000,0x00000000eb980000,0x00000000ebe80000)
 ParOldGen       total 95744K, used 68790K [0x00000000c0000000, 0x00000000c5d80000, 0x00000000eab00000)
  object space 95744K, 71% used [0x00000000c0000000,0x00000000c432d9c8,0x00000000c5d80000)
 Metaspace       used 62655K, committed 63680K, reserved 1114112K
  class space    used 7144K, committed 7552K, reserved 1048576K
}
Event: 56.694 GC heap before
{Heap before GC invocations=50 (full 4):
 PSYoungGen      total 17920K, used 17905K [0x00000000eab00000, 0x00000000ec580000, 0x0000000100000000)
  eden space 14848K, 100% used [0x00000000eab00000,0x00000000eb980000,0x00000000eb980000)
  from space 3072K, 99% used [0x00000000ebe80000,0x00000000ec17c738,0x00000000ec180000)
  to   space 5120K, 0% used [0x00000000eb980000,0x00000000eb980000,0x00000000ebe80000)
 ParOldGen       total 95744K, used 68790K [0x00000000c0000000, 0x00000000c5d80000, 0x00000000eab00000)
  object space 95744K, 71% used [0x00000000c0000000,0x00000000c432d9c8,0x00000000c5d80000)
 Metaspace       used 62663K, committed 63680K, reserved 1114112K
  class space    used 7145K, committed 7552K, reserved 1048576K
}
Event: 56.699 GC heap after
{Heap after GC invocations=50 (full 4):
 PSYoungGen      total 17408K, used 2559K [0x00000000eab00000, 0x00000000ec080000, 0x0000000100000000)
  eden space 14848K, 0% used [0x00000000eab00000,0x00000000eab00000,0x00000000eb980000)
  from space 2560K, 99% used [0x00000000eb980000,0x00000000ebbffe78,0x00000000ebc00000)
  to   space 3584K, 0% used [0x00000000ebd00000,0x00000000ebd00000,0x00000000ec080000)
 ParOldGen       total 95744K, used 71776K [0x00000000c0000000, 0x00000000c5d80000, 0x00000000eab00000)
  object space 95744K, 74% used [0x00000000c0000000,0x00000000c46180d8,0x00000000c5d80000)
 Metaspace       used 62663K, committed 63680K, reserved 1114112K
  class space    used 7145K, committed 7552K, reserved 1048576K
}
Event: 58.338 GC heap before
{Heap before GC invocations=51 (full 4):
 PSYoungGen      total 17408K, used 17407K [0x00000000eab00000, 0x00000000ec080000, 0x0000000100000000)
  eden space 14848K, 100% used [0x00000000eab00000,0x00000000eb980000,0x00000000eb980000)
  from space 2560K, 99% used [0x00000000eb980000,0x00000000ebbffe78,0x00000000ebc00000)
  to   space 3584K, 0% used [0x00000000ebd00000,0x00000000ebd00000,0x00000000ec080000)
 ParOldGen       total 95744K, used 71776K [0x00000000c0000000, 0x00000000c5d80000, 0x00000000eab00000)
  object space 95744K, 74% used [0x00000000c0000000,0x00000000c46180d8,0x00000000c5d80000)
 Metaspace       used 62663K, committed 63680K, reserved 1114112K
  class space    used 7145K, committed 7552K, reserved 1048576K
}
Event: 58.341 GC heap after
{Heap after GC invocations=51 (full 4):
 PSYoungGen      total 18432K, used 3271K [0x00000000eab00000, 0x00000000ec080000, 0x0000000100000000)
  eden space 14848K, 0% used [0x00000000eab00000,0x00000000eab00000,0x00000000eb980000)
  from space 3584K, 91% used [0x00000000ebd00000,0x00000000ec031fd8,0x00000000ec080000)
  to   space 3584K, 0% used [0x00000000eb980000,0x00000000eb980000,0x00000000ebd00000)
 ParOldGen       total 95744K, used 71776K [0x00000000c0000000, 0x00000000c5d80000, 0x00000000eab00000)
  object space 95744K, 74% used [0x00000000c0000000,0x00000000c46180d8,0x00000000c5d80000)
 Metaspace       used 62663K, committed 63680K, reserved 1114112K
  class space    used 7145K, committed 7552K, reserved 1048576K
}
Event: 61.366 GC heap before
{Heap before GC invocations=52 (full 4):
 PSYoungGen      total 18432K, used 18119K [0x00000000eab00000, 0x00000000ec080000, 0x0000000100000000)
  eden space 14848K, 100% used [0x00000000eab00000,0x00000000eb980000,0x00000000eb980000)
  from space 3584K, 91% used [0x00000000ebd00000,0x00000000ec031fd8,0x00000000ec080000)
  to   space 3584K, 0% used [0x00000000eb980000,0x00000000eb980000,0x00000000ebd00000)
 ParOldGen       total 95744K, used 71776K [0x00000000c0000000, 0x00000000c5d80000, 0x00000000eab00000)
  object space 95744K, 74% used [0x00000000c0000000,0x00000000c46180d8,0x00000000c5d80000)
 Metaspace       used 62825K, committed 63936K, reserved 1114112K
  class space    used 7166K, committed 7616K, reserved 1048576K
}
Event: 61.370 GC heap after
{Heap after GC invocations=52 (full 4):
 PSYoungGen      total 18432K, used 3563K [0x00000000eab00000, 0x00000000ec280000, 0x0000000100000000)
  eden space 14848K, 0% used [0x00000000eab00000,0x00000000eab00000,0x00000000eb980000)
  from space 3584K, 99% used [0x00000000eb980000,0x00000000ebcfafa8,0x00000000ebd00000)
  to   space 4608K, 0% used [0x00000000ebe00000,0x00000000ebe00000,0x00000000ec280000)
 ParOldGen       total 95744K, used 72390K [0x00000000c0000000, 0x00000000c5d80000, 0x00000000eab00000)
  object space 95744K, 75% used [0x00000000c0000000,0x00000000c46b1b60,0x00000000c5d80000)
 Metaspace       used 62825K, committed 63936K, reserved 1114112K
  class space    used 7166K, committed 7616K, reserved 1048576K
}
Event: 61.564 GC heap before
{Heap before GC invocations=53 (full 4):
 PSYoungGen      total 18432K, used 18411K [0x00000000eab00000, 0x00000000ec280000, 0x0000000100000000)
  eden space 14848K, 100% used [0x00000000eab00000,0x00000000eb980000,0x00000000eb980000)
  from space 3584K, 99% used [0x00000000eb980000,0x00000000ebcfafa8,0x00000000ebd00000)
  to   space 4608K, 0% used [0x00000000ebe00000,0x00000000ebe00000,0x00000000ec280000)
 ParOldGen       total 95744K, used 72390K [0x00000000c0000000, 0x00000000c5d80000, 0x00000000eab00000)
  object space 95744K, 75% used [0x00000000c0000000,0x00000000c46b1b60,0x00000000c5d80000)
 Metaspace       used 62895K, committed 64000K, reserved 1114112K
  class space    used 7170K, committed 7616K, reserved 1048576K
}
Event: 61.569 GC heap after
{Heap after GC invocations=53 (full 4):
 PSYoungGen      total 16896K, used 1844K [0x00000000eab00000, 0x00000000ec000000, 0x0000000100000000)
  eden space 14848K, 0% used [0x00000000eab00000,0x00000000eab00000,0x00000000eb980000)
  from space 2048K, 90% used [0x00000000ebe00000,0x00000000ebfcd080,0x00000000ec000000)
  to   space 3072K, 0% used [0x00000000eba00000,0x00000000eba00000,0x00000000ebd00000)
 ParOldGen       total 95744K, used 75242K [0x00000000c0000000, 0x00000000c5d80000, 0x00000000eab00000)
  object space 95744K, 78% used [0x00000000c0000000,0x00000000c497aaa0,0x00000000c5d80000)
 Metaspace       used 62895K, committed 64000K, reserved 1114112K
  class space    used 7170K, committed 7616K, reserved 1048576K
}
Event: 61.740 GC heap before
{Heap before GC invocations=54 (full 4):
 PSYoungGen      total 16896K, used 16692K [0x00000000eab00000, 0x00000000ec000000, 0x0000000100000000)
  eden space 14848K, 100% used [0x00000000eab00000,0x00000000eb980000,0x00000000eb980000)
  from space 2048K, 90% used [0x00000000ebe00000,0x00000000ebfcd080,0x00000000ec000000)
  to   space 3072K, 0% used [0x00000000eba00000,0x00000000eba00000,0x00000000ebd00000)
 ParOldGen       total 95744K, used 75242K [0x00000000c0000000, 0x00000000c5d80000, 0x00000000eab00000)
  object space 95744K, 78% used [0x00000000c0000000,0x00000000c497aaa0,0x00000000c5d80000)
 Metaspace       used 62987K, committed 64064K, reserved 1114112K
  class space    used 7179K, committed 7616K, reserved 1048576K
}
Event: 61.742 GC heap after
{Heap after GC invocations=54 (full 4):
 PSYoungGen      total 17920K, used 3020K [0x00000000eab00000, 0x00000000ec080000, 0x0000000100000000)
  eden space 14848K, 0% used [0x00000000eab00000,0x00000000eab00000,0x00000000eb980000)
  from space 3072K, 98% used [0x00000000eba00000,0x00000000ebcf3048,0x00000000ebd00000)
  to   space 3584K, 0% used [0x00000000ebd00000,0x00000000ebd00000,0x00000000ec080000)
 ParOldGen       total 95744K, used 75242K [0x00000000c0000000, 0x00000000c5d80000, 0x00000000eab00000)
  object space 95744K, 78% used [0x00000000c0000000,0x00000000c497aaa0,0x00000000c5d80000)
 Metaspace       used 62987K, committed 64064K, reserved 1114112K
  class space    used 7179K, committed 7616K, reserved 1048576K
}
Event: 62.738 GC heap before
{Heap before GC invocations=55 (full 4):
 PSYoungGen      total 17920K, used 17832K [0x00000000eab00000, 0x00000000ec080000, 0x0000000100000000)
  eden space 14848K, 99% used [0x00000000eab00000,0x00000000eb9770f0,0x00000000eb980000)
  from space 3072K, 98% used [0x00000000eba00000,0x00000000ebcf3048,0x00000000ebd00000)
  to   space 3584K, 0% used [0x00000000ebd00000,0x00000000ebd00000,0x00000000ec080000)
 ParOldGen       total 95744K, used 75242K [0x00000000c0000000, 0x00000000c5d80000, 0x00000000eab00000)
  object space 95744K, 78% used [0x00000000c0000000,0x00000000c497aaa0,0x00000000c5d80000)
 Metaspace       used 63425K, committed 64512K, reserved 1114112K
  class space    used 7227K, committed 7680K, reserved 1048576K
}
Event: 62.749 GC heap after
{Heap after GC invocations=55 (full 4):
 PSYoungGen      total 14848K, used 3583K [0x00000000eab00000, 0x00000000ec780000, 0x0000000100000000)
  eden space 11264K, 0% used [0x00000000eab00000,0x00000000eab00000,0x00000000eb600000)
  from space 3584K, 99% used [0x00000000ebd00000,0x00000000ec07ff48,0x00000000ec080000)
  to   space 7168K, 0% used [0x00000000eb600000,0x00000000eb600000,0x00000000ebd00000)
 ParOldGen       total 95744K, used 78157K [0x00000000c0000000, 0x00000000c5d80000, 0x00000000eab00000)
  object space 95744K, 81% used [0x00000000c0000000,0x00000000c4c536f0,0x00000000c5d80000)
 Metaspace       used 63425K, committed 64512K, reserved 1114112K
  class space    used 7227K, committed 7680K, reserved 1048576K
}
Event: 64.143 GC heap before
{Heap before GC invocations=56 (full 4):
 PSYoungGen      total 14848K, used 14847K [0x00000000eab00000, 0x00000000ec780000, 0x0000000100000000)
  eden space 11264K, 100% used [0x00000000eab00000,0x00000000eb600000,0x00000000eb600000)
  from space 3584K, 99% used [0x00000000ebd00000,0x00000000ec07ff48,0x00000000ec080000)
  to   space 7168K, 0% used [0x00000000eb600000,0x00000000eb600000,0x00000000ebd00000)
 ParOldGen       total 95744K, used 78157K [0x00000000c0000000, 0x00000000c5d80000, 0x00000000eab00000)
  object space 95744K, 81% used [0x00000000c0000000,0x00000000c4c536f0,0x00000000c5d80000)
 Metaspace       used 63644K, committed 64768K, reserved 1114112K
  class space    used 7243K, committed 7680K, reserved 1048576K
}
Event: 64.149 GC heap after
{Heap after GC invocations=56 (full 4):
 PSYoungGen      total 15360K, used 3867K [0x00000000eab00000, 0x00000000ec000000, 0x0000000100000000)
  eden space 11264K, 0% used [0x00000000eab00000,0x00000000eab00000,0x00000000eb600000)
  from space 4096K, 94% used [0x00000000eb600000,0x00000000eb9c6d60,0x00000000eba00000)
  to   space 5120K, 0% used [0x00000000ebb00000,0x00000000ebb00000,0x00000000ec000000)
 ParOldGen       total 95744K, used 79299K [0x00000000c0000000, 0x00000000c5d80000, 0x00000000eab00000)
  object space 95744K, 82% used [0x00000000c0000000,0x00000000c4d70f10,0x00000000c5d80000)
 Metaspace       used 63644K, committed 64768K, reserved 1114112K
  class space    used 7243K, committed 7680K, reserved 1048576K
}

