# JRE version: OpenJDK Runtime Environment Microsoft-8902769 (17.0.10+7) (build 17.0.10+7-LTS)
# Java VM: OpenJDK 64-Bit Server VM Microsoft-8902769 (17.0.10+7-LTS, mixed mode, sharing, tiered, compressed oops, compressed class ptrs, g1 gc, windows-amd64)
GC Precious Log:
 CPUs: 8 total, 8 available
 Memory: 6091M
 Large Page Support: Disabled
 NUMA Support: Disabled
 Compressed Oops: Enabled (32-bit)
 Heap Region Size: 1M
 Heap Min Capacity: 8M
 Heap Initial Capacity: 96M
 Heap Max Capacity: 2G
 Pre-touch: Disabled
 Parallel Workers: 8
 Concurrent Workers: 2
 Concurrent Refinement Workers: 8
 Periodic GC: Disabled
Heap:
 garbage-first heap   total 179200K, used 105397K [0x0000000080000000, 0x0000000100000000)
  region size 1024K, 19 young (19456K), 5 survivors (5120K)
 Metaspace       used 82470K, committed 83200K, reserved 557056K
  class space    used 11401K, committed 11712K, reserved 425984K
GC Heap History (20 events):
Event: 108.017 GC heap before
{Heap before GC invocations=43 (full 0):
 garbage-first heap   total 142336K, used 97429K [0x0000000080000000, 0x0000000100000000)
  region size 1024K, 19 young (19456K), 2 survivors (2048K)
 Metaspace       used 72370K, committed 73152K, reserved 491520K
  class space    used 10128K, committed 10496K, reserved 425984K
}
Event: 108.021 GC heap after
{Heap after GC invocations=44 (full 0):
 garbage-first heap   total 142336K, used 82851K [0x0000000080000000, 0x0000000100000000)
  region size 1024K, 3 young (3072K), 3 survivors (3072K)
 Metaspace       used 72370K, committed 73152K, reserved 491520K
  class space    used 10128K, committed 10496K, reserved 425984K
}
Event: 108.167 GC heap before
{Heap before GC invocations=44 (full 0):
 garbage-first heap   total 142336K, used 85923K [0x0000000080000000, 0x0000000100000000)
  region size 1024K, 6 young (6144K), 3 survivors (3072K)
 Metaspace       used 72641K, committed 73344K, reserved 491520K
  class space    used 10158K, committed 10496K, reserved 425984K
}
Event: 108.173 GC heap after
{Heap after GC invocations=45 (full 0):
 garbage-first heap   total 142336K, used 82727K [0x0000000080000000, 0x0000000100000000)
  region size 1024K, 1 young (1024K), 1 survivors (1024K)
 Metaspace       used 72641K, committed 73344K, reserved 491520K
  class space    used 10158K, committed 10496K, reserved 425984K
}
Event: 110.400 GC heap before
{Heap before GC invocations=45 (full 0):
 garbage-first heap   total 142336K, used 103207K [0x0000000080000000, 0x0000000100000000)
  region size 1024K, 22 young (22528K), 1 survivors (1024K)
 Metaspace       used 74549K, committed 75264K, reserved 491520K
  class space    used 10349K, committed 10688K, reserved 425984K
}
Event: 110.406 GC heap after
{Heap after GC invocations=46 (full 0):
 garbage-first heap   total 142336K, used 83226K [0x0000000080000000, 0x0000000100000000)
  region size 1024K, 1 young (1024K), 1 survivors (1024K)
 Metaspace       used 74549K, committed 75264K, reserved 491520K
  class space    used 10349K, committed 10688K, reserved 425984K
}
Event: 112.810 GC heap before
{Heap before GC invocations=47 (full 0):
 garbage-first heap   total 142336K, used 106778K [0x0000000080000000, 0x0000000100000000)
  region size 1024K, 24 young (24576K), 1 survivors (1024K)
 Metaspace       used 76085K, committed 76800K, reserved 557056K
  class space    used 10550K, committed 10880K, reserved 425984K
}
Event: 112.815 GC heap after
{Heap after GC invocations=48 (full 0):
 garbage-first heap   total 142336K, used 86122K [0x0000000080000000, 0x0000000100000000)
  region size 1024K, 3 young (3072K), 3 survivors (3072K)
 Metaspace       used 76085K, committed 76800K, reserved 557056K
  class space    used 10550K, committed 10880K, reserved 425984K
}
Event: 112.891 GC heap before
{Heap before GC invocations=48 (full 0):
 garbage-first heap   total 142336K, used 92266K [0x0000000080000000, 0x0000000100000000)
  region size 1024K, 6 young (6144K), 3 survivors (3072K)
 Metaspace       used 76085K, committed 76800K, reserved 557056K
  class space    used 10550K, committed 10880K, reserved 425984K
}
Event: 112.896 GC heap after
{Heap after GC invocations=49 (full 0):
 garbage-first heap   total 142336K, used 89105K [0x0000000080000000, 0x0000000100000000)
  region size 1024K, 1 young (1024K), 1 survivors (1024K)
 Metaspace       used 76085K, committed 76800K, reserved 557056K
  class space    used 10550K, committed 10880K, reserved 425984K
}
Event: 112.980 GC heap before
{Heap before GC invocations=49 (full 0):
 garbage-first heap   total 142336K, used 93201K [0x0000000080000000, 0x0000000100000000)
  region size 1024K, 6 young (6144K), 1 survivors (1024K)
 Metaspace       used 76095K, committed 76864K, reserved 557056K
  class space    used 10551K, committed 10880K, reserved 425984K
}
Event: 112.985 GC heap after
{Heap after GC invocations=50 (full 0):
 garbage-first heap   total 179200K, used 90430K [0x0000000080000000, 0x0000000100000000)
  region size 1024K, 3 young (3072K), 3 survivors (3072K)
 Metaspace       used 76095K, committed 76864K, reserved 557056K
  class space    used 10551K, committed 10880K, reserved 425984K
}
Event: 116.151 GC heap before
{Heap before GC invocations=51 (full 0):
 garbage-first heap   total 179200K, used 126270K [0x0000000080000000, 0x0000000100000000)
  region size 1024K, 36 young (36864K), 3 survivors (3072K)
 Metaspace       used 78225K, committed 79040K, reserved 557056K
  class space    used 10835K, committed 11200K, reserved 425984K
}
Event: 116.158 GC heap after
{Heap after GC invocations=52 (full 0):
 garbage-first heap   total 179200K, used 92597K [0x0000000080000000, 0x0000000100000000)
  region size 1024K, 4 young (4096K), 4 survivors (4096K)
 Metaspace       used 78225K, committed 79040K, reserved 557056K
  class space    used 10835K, committed 11200K, reserved 425984K
}
Event: 116.432 GC heap before
{Heap before GC invocations=52 (full 0):
 garbage-first heap   total 179200K, used 96693K [0x0000000080000000, 0x0000000100000000)
  region size 1024K, 8 young (8192K), 4 survivors (4096K)
 Metaspace       used 78454K, committed 79232K, reserved 557056K
  class space    used 10864K, committed 11200K, reserved 425984K
}
Event: 116.437 GC heap after
{Heap after GC invocations=53 (full 0):
 garbage-first heap   total 179200K, used 92559K [0x0000000080000000, 0x0000000100000000)
  region size 1024K, 1 young (1024K), 1 survivors (1024K)
 Metaspace       used 78454K, committed 79232K, reserved 557056K
  class space    used 10864K, committed 11200K, reserved 425984K
}
Event: 120.416 GC heap before
{Heap before GC invocations=53 (full 0):
 garbage-first heap   total 179200K, used 129423K [0x0000000080000000, 0x0000000100000000)
  region size 1024K, 37 young (37888K), 1 survivors (1024K)
 Metaspace       used 81280K, committed 81984K, reserved 557056K
  class space    used 11243K, committed 11584K, reserved 425984K
}
Event: 120.421 GC heap after
{Heap after GC invocations=54 (full 0):
 garbage-first heap   total 179200K, used 93526K [0x0000000080000000, 0x0000000100000000)
  region size 1024K, 2 young (2048K), 2 survivors (2048K)
 Metaspace       used 81280K, committed 81984K, reserved 557056K
  class space    used 11243K, committed 11584K, reserved 425984K
}
Event: 123.765 GC heap before
{Heap before GC invocations=55 (full 0):
 garbage-first heap   total 179200K, used 129366K [0x0000000080000000, 0x0000000100000000)
  region size 1024K, 41 young (41984K), 2 survivors (2048K)
 Metaspace       used 82401K, committed 83072K, reserved 557056K
  class space    used 11396K, committed 11712K, reserved 425984K
}
Event: 123.775 GC heap after
{Heap after GC invocations=56 (full 0):
 garbage-first heap   total 179200K, used 92085K [0x0000000080000000, 0x0000000100000000)
  region size 1024K, 5 young (5120K), 5 survivors (5120K)
 Metaspace       used 82401K, committed 83072K, reserved 557056K
  class space    used 11396K, committed 11712K, reserved 425984K
}

